[debug] [2024-09-04T14:55:58.167Z] ----------------------------------------------------------------------
[debug] [2024-09-04T14:55:58.176Z] Command:       C:\Program Files\nodejs\node.exe C:\Users\sahil\AppData\Roaming\npm\node_modules\firebase-tools\lib\bin\firebase.js deploy
[debug] [2024-09-04T14:55:58.177Z] CLI Version:   13.16.0
[debug] [2024-09-04T14:55:58.177Z] Platform:      win32
[debug] [2024-09-04T14:55:58.178Z] Node Version:  v20.11.0
[debug] [2024-09-04T14:55:58.178Z] Time:          Wed Sep 04 2024 20:25:58 GMT+0530 (India Standard Time)
[debug] [2024-09-04T14:55:58.178Z] ----------------------------------------------------------------------
[debug] 
[debug] [2024-09-04T14:55:58.325Z] > command requires scopes: ["email","openid","https://www.googleapis.com/auth/cloudplatformprojects.readonly","https://www.googleapis.com/auth/firebase","https://www.googleapis.com/auth/cloud-platform"]
[debug] [2024-09-04T14:55:58.326Z] > authorizing via signed-in user (sahilsingh0532@gmail.com)
[debug] [2024-09-04T14:55:58.326Z] [iam] checking project apps-2f728 for permissions ["firebase.projects.get","firebasehosting.sites.update"]
[debug] [2024-09-04T14:55:58.335Z] > refreshing access token with scopes: []
[debug] [2024-09-04T14:55:58.338Z] >>> [apiv2][query] POST https://www.googleapis.com/oauth2/v3/token [none]
[debug] [2024-09-04T14:55:58.339Z] >>> [apiv2][body] POST https://www.googleapis.com/oauth2/v3/token [omitted]
[debug] [2024-09-04T14:55:59.179Z] <<< [apiv2][status] POST https://www.googleapis.com/oauth2/v3/token 400
[debug] [2024-09-04T14:55:59.180Z] <<< [apiv2][body] POST https://www.googleapis.com/oauth2/v3/token [omitted]
[debug] [2024-09-04T14:55:59.180Z] >>> [apiv2][query] POST https://cloudresourcemanager.googleapis.com/v1/projects/apps-2f728:testIamPermissions [none]
[debug] [2024-09-04T14:55:59.181Z] >>> [apiv2][(partial)header] POST https://cloudresourcemanager.googleapis.com/v1/projects/apps-2f728:testIamPermissions x-goog-quota-user=projects/apps-2f728
[debug] [2024-09-04T14:55:59.181Z] >>> [apiv2][body] POST https://cloudresourcemanager.googleapis.com/v1/projects/apps-2f728:testIamPermissions {"permissions":["firebase.projects.get","firebasehosting.sites.update"]}
[debug] [2024-09-04T14:56:01.337Z] <<< [apiv2][status] POST https://cloudresourcemanager.googleapis.com/v1/projects/apps-2f728:testIamPermissions 401
[debug] [2024-09-04T14:56:01.338Z] <<< [apiv2][body] POST https://cloudresourcemanager.googleapis.com/v1/projects/apps-2f728:testIamPermissions {"error":{"code":401,"message":"Request had invalid authentication credentials. Expected OAuth 2 access token, login cookie or other valid authentication credential. See https://developers.google.com/identity/sign-in/web/devconsole-project.","status":"UNAUTHENTICATED","details":[{"@type":"type.googleapis.com/google.rpc.ErrorInfo","reason":"ACCESS_TOKEN_TYPE_UNSUPPORTED","metadata":{"method":"google.cloudresourcemanager.v1.Projects.TestIamPermissions","service":"cloudresourcemanager.googleapis.com"}}]}}
[debug] [2024-09-04T14:56:01.341Z] [iam] error while checking permissions, command may fail: FirebaseError: HTTP Error: 401, Request had invalid authentication credentials. Expected OAuth 2 access token, login cookie or other valid authentication credential. See https://developers.google.com/identity/sign-in/web/devconsole-project.
[debug] [2024-09-04T14:56:01.343Z] > refreshing access token with scopes: []
[debug] [2024-09-04T14:56:01.345Z] >>> [apiv2][query] POST https://www.googleapis.com/oauth2/v3/token [none]
[debug] [2024-09-04T14:56:01.346Z] >>> [apiv2][body] POST https://www.googleapis.com/oauth2/v3/token [omitted]
[debug] [2024-09-04T14:56:01.637Z] <<< [apiv2][status] POST https://www.googleapis.com/oauth2/v3/token 400
[debug] [2024-09-04T14:56:01.638Z] <<< [apiv2][body] POST https://www.googleapis.com/oauth2/v3/token [omitted]
[debug] [2024-09-04T14:56:01.639Z] >>> [apiv2][query] GET https://firebase.googleapis.com/v1beta1/projects/apps-2f728 [none]
[debug] [2024-09-04T14:56:02.342Z] <<< [apiv2][status] GET https://firebase.googleapis.com/v1beta1/projects/apps-2f728 401
[debug] [2024-09-04T14:56:02.342Z] <<< [apiv2][body] GET https://firebase.googleapis.com/v1beta1/projects/apps-2f728 {"error":{"code":401,"message":"Request had invalid authentication credentials. Expected OAuth 2 access token, login cookie or other valid authentication credential. See https://developers.google.com/identity/sign-in/web/devconsole-project.","status":"UNAUTHENTICATED"}}
[debug] [2024-09-04T14:56:02.343Z] HTTP Error: 401, Request had invalid authentication credentials. Expected OAuth 2 access token, login cookie or other valid authentication credential. See https://developers.google.com/identity/sign-in/web/devconsole-project.
[error] 
[error] Error: Assertion failed: resolving hosting target of a site with no site name or target name. This should have caused an error earlier
